<?xml version="1.0" encoding="UTF-8"?>
<!-- Generated by org.testng.reporters.JUnitXMLReporter -->
<testsuite hostname="IN-46S1M63" ignored="2" name="Default test" tests="12" failures="0" timestamp="23 May 2023 05:53:14 GMT" time="20.907" errors="0">
  <testcase name="testPostUser" time="3.372" classname="api.test.UserTests"/>
  <testcase name="testPostUser" time="1.474" classname="api.test.UserTests"/>
  <testcase name="testPostUser" time="1.442" classname="api.test.UserTests"/>
  <testcase name="testPostUser" time="1.505" classname="api.test.UserTests"/>
  <testcase name="testPostUser" time="1.637" classname="api.test.UserTests"/>
  <testcase name="testPostUser" time="1.43" classname="api.test.UserTests"/>
  <testcase name="testGetUserByName" time="1.605" classname="api.test.UserTests"/>
  <testcase name="testGetUserByName" time="1.545" classname="api.test.UserTests"/>
  <testcase name="testGetUserByName" time="1.426" classname="api.test.UserTests"/>
  <testcase name="testGetUserByName" time="1.471" classname="api.test.UserTests"/>
  <testcase name="testGetUserByName" time="1.451" classname="api.test.UserTests"/>
  <testcase name="testGetUserByName" time="1.375" classname="api.test.UserTests"/>
  <testcase name="testDeleteUserByName" time="0.0" classname="api.test.UserTests">
    <ignored/>
  </testcase> <!-- testDeleteUserByName -->
  <testcase name="testUpdateUserByName" time="0.0" classname="api.test.UserTests">
    <ignored/>
  </testcase> <!-- testUpdateUserByName -->
</testsuite> <!-- Default test -->
