<?xml version="1.0" encoding="UTF-8"?>
<!-- Generated by org.testng.reporters.JUnitXMLReporter -->
<testsuite ignored="2" hostname="IN-46S1M63" failures="0" tests="12" name="Test" time="20.633" errors="0" timestamp="2023-05-04T11:39:24 IST">
  <testcase classname="api.test.UserTests" name="testPostUser" time="3.29"/>
  <testcase classname="api.test.UserTests" name="testPostUser" time="1.419"/>
  <testcase classname="api.test.UserTests" name="testPostUser" time="1.356"/>
  <testcase classname="api.test.UserTests" name="testPostUser" time="1.405"/>
  <testcase classname="api.test.UserTests" name="testPostUser" time="1.39"/>
  <testcase classname="api.test.UserTests" name="testPostUser" time="1.397"/>
  <testcase classname="api.test.UserTests" name="testGetUserByName" time="1.387"/>
  <testcase classname="api.test.UserTests" name="testGetUserByName" time="1.408"/>
  <testcase classname="api.test.UserTests" name="testGetUserByName" time="1.36"/>
  <testcase classname="api.test.UserTests" name="testGetUserByName" time="1.377"/>
  <testcase classname="api.test.UserTests" name="testGetUserByName" time="1.394"/>
  <testcase classname="api.test.UserTests" name="testGetUserByName" time="1.368"/>
  <testcase classname="api.test.UserTests" name="testDeleteUserByName" time="0.0">
    <ignored/>
  </testcase> <!-- testDeleteUserByName -->
  <testcase classname="api.test.UserTests" name="testUpdateUserByName" time="0.0">
    <ignored/>
  </testcase> <!-- testUpdateUserByName -->
</testsuite> <!-- Test -->
