<?xml version="1.0" encoding="UTF-8"?>
<!-- Generated by org.testng.reporters.JUnitXMLReporter -->
<testsuite hostname="IN-46S1M63" ignored="2" name="Test" tests="12" failures="0" timestamp="23 May 2023 06:14:19 GMT" time="20.699" errors="0">
  <testcase name="testPostUser" time="4.359" classname="api.test.UserTests"/>
  <testcase name="testPostUser" time="1.388" classname="api.test.UserTests"/>
  <testcase name="testPostUser" time="1.393" classname="api.test.UserTests"/>
  <testcase name="testPostUser" time="1.427" classname="api.test.UserTests"/>
  <testcase name="testPostUser" time="1.411" classname="api.test.UserTests"/>
  <testcase name="testPostUser" time="1.362" classname="api.test.UserTests"/>
  <testcase name="testGetUserByName" time="1.368" classname="api.test.UserTests"/>
  <testcase name="testGetUserByName" time="1.369" classname="api.test.UserTests"/>
  <testcase name="testGetUserByName" time="1.354" classname="api.test.UserTests"/>
  <testcase name="testGetUserByName" time="1.37" classname="api.test.UserTests"/>
  <testcase name="testGetUserByName" time="1.37" classname="api.test.UserTests"/>
  <testcase name="testGetUserByName" time="1.397" classname="api.test.UserTests"/>
  <testcase name="testDeleteUserByName" time="0.0" classname="api.test.UserTests">
    <ignored/>
  </testcase> <!-- testDeleteUserByName -->
  <testcase name="testUpdateUserByName" time="0.0" classname="api.test.UserTests">
    <ignored/>
  </testcase> <!-- testUpdateUserByName -->
</testsuite> <!-- Test -->
