<?xml version="1.0" encoding="UTF-8"?>
<testsuite xmlns:xsi="http://www.w3.org/2001/XMLSchema-instance" xsi:noNamespaceSchemaLocation="https://maven.apache.org/surefire/maven-surefire-plugin/xsd/surefire-test-report-3.0.xsd" version="3.0" name="TestSuite" time="23.525" tests="12" errors="0" skipped="0" failures="0">
  <properties>
[...]
</properties>
  <testcase name="testPostUser[{FirstName=Ryan, UserId=107, Password=test@1, LastName=John, PhoneNumber=123456777, UserName=testuser1, Email=a@gmail.com}](1)" classname="api.test.UserTests" time="4.376">
    <system-out><![CDATA[[TestNGContentHandler] [WARN] It is strongly recommended to add "<!DOCTYPE suite SYSTEM "http://testng.org/testng-1.0.dtd" >" at the top of your file, otherwise TestNG may fail or not work as expected.
HTTP/1.1 200 OK
Date: Tue, 23 May 2023 06:14:02 GMT
Content-Type: application/json
Transfer-Encoding: chunked
Connection: keep-alive
Access-Control-Allow-Origin: *
Access-Control-Allow-Methods: GET, POST, DELETE, PUT
Access-Control-Allow-Headers: Content-Type, api_key, Authorization
Server: Jetty(9.2.9.v20150224)

{
    "code": 200,
    "type": "unknown",
    "message": "107"
}
]]></system-out>
  </testcase>
  <testcase name="testPostUser[{FirstName=Kim, UserId=108, Password=test@2, LastName=So Juen, PhoneNumber=123456778, UserName=testuser2, Email=b@gmail.com}](2)" classname="api.test.UserTests" time="1.393">
    <system-out><![CDATA[HTTP/1.1 200 OK
Date: Tue, 23 May 2023 06:14:04 GMT
Content-Type: application/json
Transfer-Encoding: chunked
Connection: keep-alive
Access-Control-Allow-Origin: *
Access-Control-Allow-Methods: GET, POST, DELETE, PUT
Access-Control-Allow-Headers: Content-Type, api_key, Authorization
Server: Jetty(9.2.9.v20150224)

{
    "code": 200,
    "type": "unknown",
    "message": "108"
}
]]></system-out>
  </testcase>
  <testcase name="testPostUser[{FirstName=Jun, UserId=109, Password=test@3, LastName=So Ram, PhoneNumber=123456779, UserName=testuser3, Email=c@gmail.com}](3)" classname="api.test.UserTests" time="1.397">
    <system-out><![CDATA[HTTP/1.1 200 OK
Date: Tue, 23 May 2023 06:14:05 GMT
Content-Type: application/json
Transfer-Encoding: chunked
Connection: keep-alive
Access-Control-Allow-Origin: *
Access-Control-Allow-Methods: GET, POST, DELETE, PUT
Access-Control-Allow-Headers: Content-Type, api_key, Authorization
Server: Jetty(9.2.9.v20150224)

{
    "code": 200,
    "type": "unknown",
    "message": "109"
}
]]></system-out>
  </testcase>
  <testcase name="testPostUser[{FirstName=Tuen, UserId=110, Password=test@4, LastName=Ra Hun, PhoneNumber=123456780, UserName=testuser4, Email=d@gmail.com}](4)" classname="api.test.UserTests" time="1.425">
    <system-out><![CDATA[HTTP/1.1 200 OK
Date: Tue, 23 May 2023 06:14:07 GMT
Content-Type: application/json
Transfer-Encoding: chunked
Connection: keep-alive
Access-Control-Allow-Origin: *
Access-Control-Allow-Methods: GET, POST, DELETE, PUT
Access-Control-Allow-Headers: Content-Type, api_key, Authorization
Server: Jetty(9.2.9.v20150224)

{
    "code": 200,
    "type": "unknown",
    "message": "110"
}
]]></system-out>
  </testcase>
  <testcase name="testPostUser[{FirstName=Rode, UserId=111, Password=test@5, LastName=Doe, PhoneNumber=123456781, UserName=testuser5, Email=e@gmail.com}](5)" classname="api.test.UserTests" time="1.41">
    <system-out><![CDATA[HTTP/1.1 200 OK
Date: Tue, 23 May 2023 06:14:08 GMT
Content-Type: application/json
Transfer-Encoding: chunked
Connection: keep-alive
Access-Control-Allow-Origin: *
Access-Control-Allow-Methods: GET, POST, DELETE, PUT
Access-Control-Allow-Headers: Content-Type, api_key, Authorization
Server: Jetty(9.2.9.v20150224)

{
    "code": 200,
    "type": "unknown",
    "message": "111"
}
]]></system-out>
  </testcase>
  <testcase name="testPostUser[{FirstName=Smith, UserId=112, Password=test@6, LastName=John, PhoneNumber=123456782, UserName=testuser6, Email=f@gmail.com}](6)" classname="api.test.UserTests" time="1.366">
    <system-out><![CDATA[HTTP/1.1 200 OK
Date: Tue, 23 May 2023 06:14:10 GMT
Content-Type: application/json
Transfer-Encoding: chunked
Connection: keep-alive
Access-Control-Allow-Origin: *
Access-Control-Allow-Methods: GET, POST, DELETE, PUT
Access-Control-Allow-Headers: Content-Type, api_key, Authorization
Server: Jetty(9.2.9.v20150224)

{
    "code": 200,
    "type": "unknown",
    "message": "112"
}
]]></system-out>
  </testcase>
  <testcase name="testGetUserByName[{UserName=testuser1}](1)" classname="api.test.UserTests" time="1.379">
    <system-out><![CDATA[HTTP/1.1 200 OK
Date: Tue, 23 May 2023 06:14:11 GMT
Content-Type: application/json
Transfer-Encoding: chunked
Connection: keep-alive
Access-Control-Allow-Origin: *
Access-Control-Allow-Methods: GET, POST, DELETE, PUT
Access-Control-Allow-Headers: Content-Type, api_key, Authorization
Server: Jetty(9.2.9.v20150224)

{
    "id": 107,
    "username": "testuser1",
    "firstName": "Ryan",
    "lastName": "John",
    "email": "a@gmail.com",
    "password": "test@1",
    "phone": "123456777",
    "userStatus": 0
}
]]></system-out>
  </testcase>
  <testcase name="testGetUserByName[{UserName=testuser2}](2)" classname="api.test.UserTests" time="1.381">
    <system-out><![CDATA[HTTP/1.1 200 OK
Date: Tue, 23 May 2023 06:14:12 GMT
Content-Type: application/json
Transfer-Encoding: chunked
Connection: keep-alive
Access-Control-Allow-Origin: *
Access-Control-Allow-Methods: GET, POST, DELETE, PUT
Access-Control-Allow-Headers: Content-Type, api_key, Authorization
Server: Jetty(9.2.9.v20150224)

{
    "id": 108,
    "username": "testuser2",
    "firstName": "Kim",
    "lastName": "So Juen",
    "email": "b@gmail.com",
    "password": "test@2",
    "phone": "123456778",
    "userStatus": 0
}
]]></system-out>
  </testcase>
  <testcase name="testGetUserByName[{UserName=testuser3}](3)" classname="api.test.UserTests" time="1.338">
    <system-out><![CDATA[HTTP/1.1 200 OK
Date: Tue, 23 May 2023 06:14:14 GMT
Content-Type: application/json
Transfer-Encoding: chunked
Connection: keep-alive
Access-Control-Allow-Origin: *
Access-Control-Allow-Methods: GET, POST, DELETE, PUT
Access-Control-Allow-Headers: Content-Type, api_key, Authorization
Server: Jetty(9.2.9.v20150224)

{
    "id": 109,
    "username": "testuser3",
    "firstName": "Jun",
    "lastName": "So Ram",
    "email": "c@gmail.com",
    "password": "test@3",
    "phone": "123456779",
    "userStatus": 0
}
]]></system-out>
  </testcase>
  <testcase name="testGetUserByName[{UserName=testuser4}](4)" classname="api.test.UserTests" time="1.371">
    <system-out><![CDATA[HTTP/1.1 200 OK
Date: Tue, 23 May 2023 06:14:15 GMT
Content-Type: application/json
Transfer-Encoding: chunked
Connection: keep-alive
Access-Control-Allow-Origin: *
Access-Control-Allow-Methods: GET, POST, DELETE, PUT
Access-Control-Allow-Headers: Content-Type, api_key, Authorization
Server: Jetty(9.2.9.v20150224)

{
    "id": 110,
    "username": "testuser4",
    "firstName": "Tuen",
    "lastName": "Ra Hun",
    "email": "d@gmail.com",
    "password": "test@4",
    "phone": "123456780",
    "userStatus": 0
}
]]></system-out>
  </testcase>
  <testcase name="testGetUserByName[{UserName=testuser5}](5)" classname="api.test.UserTests" time="1.37">
    <system-out><![CDATA[HTTP/1.1 200 OK
Date: Tue, 23 May 2023 06:14:16 GMT
Content-Type: application/json
Transfer-Encoding: chunked
Connection: keep-alive
Access-Control-Allow-Origin: *
Access-Control-Allow-Methods: GET, POST, DELETE, PUT
Access-Control-Allow-Headers: Content-Type, api_key, Authorization
Server: Jetty(9.2.9.v20150224)

{
    "id": 111,
    "username": "testuser5",
    "firstName": "Rode",
    "lastName": "Doe",
    "email": "e@gmail.com",
    "password": "test@5",
    "phone": "123456781",
    "userStatus": 0
}
]]></system-out>
  </testcase>
  <testcase name="testGetUserByName[{UserName=testuser6}](6)" classname="api.test.UserTests" time="1.398">
    <system-out><![CDATA[HTTP/1.1 200 OK
Date: Tue, 23 May 2023 06:14:18 GMT
Content-Type: application/json
Transfer-Encoding: chunked
Connection: keep-alive
Access-Control-Allow-Origin: *
Access-Control-Allow-Methods: GET, POST, DELETE, PUT
Access-Control-Allow-Headers: Content-Type, api_key, Authorization
Server: Jetty(9.2.9.v20150224)

{
    "id": 112,
    "username": "testuser6",
    "firstName": "Smith",
    "lastName": "John",
    "email": "f@gmail.com",
    "password": "test@6",
    "phone": "123456782",
    "userStatus": 0
}
]]></system-out>
  </testcase>
</testsuite>